0 verbose cli /opt/plesk/node/21/bin/node /var/www/vhosts/ynsocial.com/.nodenv/versions/21/bin/npm
1 info using npm@10.5.0
2 info using node@v21.7.3
3 timing npm:load:whichnode Completed in 2ms
4 timing config:load:defaults Completed in 2ms
5 timing config:load:file:/opt/plesk/node/21/lib/node_modules/npm/npmrc Completed in 0ms
6 timing config:load:builtin Completed in 1ms
7 timing config:load:cli Completed in 3ms
8 timing config:load:env Completed in 1ms
9 timing config:load:file:/var/www/vhosts/ynsocial.com/httpdocs/.npmrc Completed in 0ms
10 timing config:load:project Completed in 4ms
11 timing config:load:file:/var/www/vhosts/ynsocial.com/.npmrc Completed in 0ms
12 timing config:load:user Completed in 0ms
13 timing config:load:file:/opt/plesk/node/21/etc/npmrc Completed in 0ms
14 timing config:load:global Completed in 0ms
15 timing config:load:setEnvs Completed in 2ms
16 timing config:load Completed in 15ms
17 timing npm:load:configload Completed in 15ms
18 timing config:load:flatten Completed in 3ms
19 timing npm:load:mkdirpcache Completed in 0ms
20 timing npm:load:mkdirplogs Completed in 1ms
21 verbose title npm run build
22 verbose argv "run" "build"
23 timing npm:load:setTitle Completed in 1ms
24 timing npm:load:display Completed in 0ms
25 verbose logfile logs-max:10 dir:/var/www/vhosts/ynsocial.com/.npm/_logs/2024-09-03T22_17_16_968Z-
26 verbose logfile /var/www/vhosts/ynsocial.com/.npm/_logs/2024-09-03T22_17_16_968Z-debug-0.log
27 timing npm:load:logFile Completed in 13ms
28 timing npm:load:timers Completed in 0ms
29 timing npm:load:configScope Completed in 0ms
30 timing npm:load Completed in 56ms
31 silly logfile done cleaning log files
32 timing command:run Completed in 341ms
33 verbose exit 1
34 timing npm Completed in 446ms
35 verbose code 1
