0 verbose cli /opt/plesk/node/21/bin/node /var/www/vhosts/ynsocial.com/.nodenv/versions/21/bin/npm
1 info using npm@10.5.0
2 info using node@v21.7.3
3 timing npm:load:whichnode Completed in 2ms
4 timing config:load:defaults Completed in 2ms
5 timing config:load:file:/opt/plesk/node/21/lib/node_modules/npm/npmrc Completed in 0ms
6 timing config:load:builtin Completed in 1ms
7 timing config:load:cli Completed in 2ms
8 timing config:load:env Completed in 0ms
9 timing config:load:file:/var/www/vhosts/ynsocial.com/httpdocs/.npmrc Completed in 0ms
10 timing config:load:project Completed in 3ms
11 timing config:load:file:/var/www/vhosts/ynsocial.com/.npmrc Completed in 0ms
12 timing config:load:user Completed in 1ms
13 timing config:load:file:/opt/plesk/node/21/etc/npmrc Completed in 0ms
14 timing config:load:global Completed in 0ms
15 timing config:load:setEnvs Completed in 1ms
16 timing config:load Completed in 12ms
17 timing npm:load:configload Completed in 12ms
18 timing config:load:flatten Completed in 3ms
19 timing npm:load:mkdirpcache Completed in 0ms
20 timing npm:load:mkdirplogs Completed in 1ms
21 verbose title npm i vite-plugin-copy
22 verbose argv "i" "vite-plugin-copy"
23 timing npm:load:setTitle Completed in 1ms
24 timing npm:load:display Completed in 0ms
25 verbose logfile logs-max:10 dir:/var/www/vhosts/ynsocial.com/.npm/_logs/2024-09-03T22_17_40_069Z-
26 verbose logfile /var/www/vhosts/ynsocial.com/.npm/_logs/2024-09-03T22_17_40_069Z-debug-0.log
27 timing npm:load:logFile Completed in 11ms
28 timing npm:load:timers Completed in 0ms
29 timing npm:load:configScope Completed in 0ms
30 timing npm:load Completed in 47ms
31 timing arborist:ctor Completed in 1ms
32 silly logfile done cleaning log files
33 timing idealTree:init Completed in 47ms
34 timing idealTree:userRequests Completed in 2ms
35 silly idealTree buildDeps
36 silly fetch manifest vite-plugin-copy@^0.1.6
37 timing arborist:ctor Completed in 0ms
38 http fetch GET 200 https://registry.npmjs.org/vite-plugin-copy 974ms (cache revalidated)
39 silly placeDep ROOT vite-plugin-copy@0.1.6 REPLACE for:  want: ^0.1.6
40 timing idealTree:#root Completed in 988ms
41 timing idealTree:node_modules/vite-plugin-copy Completed in 0ms
42 timing idealTree:buildDeps Completed in 989ms
43 timing idealTree:fixDepFlags Completed in 0ms
44 timing idealTree Completed in 1042ms
45 timing reify:loadTrees Completed in 1044ms
46 timing reify:diffTrees Completed in 4ms
47 silly reify moves {}
48 timing reify:retireShallow Completed in 1ms
49 timing reify:createSparse Completed in 3ms
50 timing reify:loadBundles Completed in 0ms
51 silly audit bulk request {
51 silly audit   '@esbuild/android-arm': [ '0.18.20' ],
51 silly audit   '@esbuild/android-arm64': [ '0.18.20' ],
51 silly audit   '@esbuild/android-x64': [ '0.18.20' ],
51 silly audit   '@esbuild/darwin-arm64': [ '0.18.20' ],
51 silly audit   '@esbuild/darwin-x64': [ '0.18.20' ],
51 silly audit   '@esbuild/freebsd-arm64': [ '0.18.20' ],
51 silly audit   '@esbuild/freebsd-x64': [ '0.18.20' ],
51 silly audit   '@esbuild/linux-arm': [ '0.18.20' ],
51 silly audit   '@esbuild/linux-arm64': [ '0.18.20' ],
51 silly audit   '@esbuild/linux-ia32': [ '0.18.20' ],
51 silly audit   '@esbuild/linux-loong64': [ '0.18.20' ],
51 silly audit   '@esbuild/linux-mips64el': [ '0.18.20' ],
51 silly audit   '@esbuild/linux-ppc64': [ '0.18.20' ],
51 silly audit   '@esbuild/linux-riscv64': [ '0.18.20' ],
51 silly audit   '@esbuild/linux-s390x': [ '0.18.20' ],
51 silly audit   '@esbuild/linux-x64': [ '0.18.20' ],
51 silly audit   '@esbuild/netbsd-x64': [ '0.18.20' ],
51 silly audit   '@esbuild/openbsd-x64': [ '0.18.20' ],
51 silly audit   '@esbuild/sunos-x64': [ '0.18.20' ],
51 silly audit   '@esbuild/win32-arm64': [ '0.18.20' ],
51 silly audit   '@esbuild/win32-ia32': [ '0.18.20' ],
51 silly audit   '@esbuild/win32-x64': [ '0.18.20' ],
51 silly audit   '@nodelib/fs.scandir': [ '2.1.5' ],
51 silly audit   '@nodelib/fs.stat': [ '2.0.5' ],
51 silly audit   '@nodelib/fs.walk': [ '1.2.8' ],
51 silly audit   asynckit: [ '0.4.0' ],
51 silly audit   axios: [ '1.7.7' ],
51 silly audit   braces: [ '3.0.3' ],
51 silly audit   'combined-stream': [ '1.0.8' ],
51 silly audit   'delayed-stream': [ '1.0.0' ],
51 silly audit   esbuild: [ '0.18.20' ],
51 silly audit   'fast-glob': [ '3.3.2' ],
51 silly audit   fastq: [ '1.17.1' ],
51 silly audit   'fill-range': [ '7.1.1' ],
51 silly audit   'follow-redirects': [ '1.15.8' ],
51 silly audit   'form-data': [ '4.0.0' ],
51 silly audit   fsevents: [ '2.3.3' ],
51 silly audit   'glob-parent': [ '5.1.2' ],
51 silly audit   'is-extglob': [ '2.1.1' ],
51 silly audit   'is-glob': [ '4.0.3' ],
51 silly audit   'is-number': [ '7.0.0' ],
51 silly audit   'laravel-vite-plugin': [ '0.7.8' ],
51 silly audit   lodash: [ '4.17.21' ],
51 silly audit   merge2: [ '1.4.1' ],
51 silly audit   micromatch: [ '4.0.8' ],
51 silly audit   'mime-db': [ '1.52.0' ],
51 silly audit   'mime-types': [ '2.1.35' ],
51 silly audit   nanoid: [ '3.3.7' ],
51 silly audit   picocolors: [ '1.1.0' ],
51 silly audit   picomatch: [ '2.3.1' ],
51 silly audit   postcss: [ '8.4.44' ],
51 silly audit   'proxy-from-env': [ '1.1.0' ],
51 silly audit   'queue-microtask': [ '1.2.3' ],
51 silly audit   reusify: [ '1.0.4' ],
51 silly audit   rollup: [ '3.29.4' ],
51 silly audit   'run-parallel': [ '1.2.0' ],
51 silly audit   'source-map-js': [ '1.2.0' ],
51 silly audit   'to-regex-range': [ '5.0.1' ],
51 silly audit   vite: [ '4.5.3' ],
51 silly audit   'vite-plugin-full-reload': [ '1.2.0' ],
51 silly audit   'vite-plugin-copy': [ '0.1.6' ]
51 silly audit }
52 verbose reify failed optional dependency /var/www/vhosts/ynsocial.com/httpdocs/node_modules/fsevents
53 silly reify mark deleted [ '/var/www/vhosts/ynsocial.com/httpdocs/node_modules/fsevents' ]
54 verbose reify failed optional dependency /var/www/vhosts/ynsocial.com/httpdocs/node_modules/@esbuild/win32-x64
55 silly reify mark deleted [
55 silly reify   '/var/www/vhosts/ynsocial.com/httpdocs/node_modules/@esbuild/win32-x64'
55 silly reify ]
56 verbose reify failed optional dependency /var/www/vhosts/ynsocial.com/httpdocs/node_modules/@esbuild/win32-ia32
57 silly reify mark deleted [
57 silly reify   '/var/www/vhosts/ynsocial.com/httpdocs/node_modules/@esbuild/win32-ia32'
57 silly reify ]
58 verbose reify failed optional dependency /var/www/vhosts/ynsocial.com/httpdocs/node_modules/@esbuild/win32-arm64
59 silly reify mark deleted [
59 silly reify   '/var/www/vhosts/ynsocial.com/httpdocs/node_modules/@esbuild/win32-arm64'
59 silly reify ]
60 verbose reify failed optional dependency /var/www/vhosts/ynsocial.com/httpdocs/node_modules/@esbuild/sunos-x64
61 silly reify mark deleted [
61 silly reify   '/var/www/vhosts/ynsocial.com/httpdocs/node_modules/@esbuild/sunos-x64'
61 silly reify ]
62 verbose reify failed optional dependency /var/www/vhosts/ynsocial.com/httpdocs/node_modules/@esbuild/openbsd-x64
63 silly reify mark deleted [
63 silly reify   '/var/www/vhosts/ynsocial.com/httpdocs/node_modules/@esbuild/openbsd-x64'
63 silly reify ]
64 verbose reify failed optional dependency /var/www/vhosts/ynsocial.com/httpdocs/node_modules/@esbuild/netbsd-x64
65 silly reify mark deleted [
65 silly reify   '/var/www/vhosts/ynsocial.com/httpdocs/node_modules/@esbuild/netbsd-x64'
65 silly reify ]
66 verbose reify failed optional dependency /var/www/vhosts/ynsocial.com/httpdocs/node_modules/@esbuild/linux-s390x
67 silly reify mark deleted [
67 silly reify   '/var/www/vhosts/ynsocial.com/httpdocs/node_modules/@esbuild/linux-s390x'
67 silly reify ]
68 verbose reify failed optional dependency /var/www/vhosts/ynsocial.com/httpdocs/node_modules/@esbuild/linux-riscv64
69 silly reify mark deleted [
69 silly reify   '/var/www/vhosts/ynsocial.com/httpdocs/node_modules/@esbuild/linux-riscv64'
69 silly reify ]
70 verbose reify failed optional dependency /var/www/vhosts/ynsocial.com/httpdocs/node_modules/@esbuild/linux-ppc64
71 silly reify mark deleted [
71 silly reify   '/var/www/vhosts/ynsocial.com/httpdocs/node_modules/@esbuild/linux-ppc64'
71 silly reify ]
72 verbose reify failed optional dependency /var/www/vhosts/ynsocial.com/httpdocs/node_modules/@esbuild/linux-mips64el
73 silly reify mark deleted [
73 silly reify   '/var/www/vhosts/ynsocial.com/httpdocs/node_modules/@esbuild/linux-mips64el'
73 silly reify ]
74 verbose reify failed optional dependency /var/www/vhosts/ynsocial.com/httpdocs/node_modules/@esbuild/linux-loong64
75 silly reify mark deleted [
75 silly reify   '/var/www/vhosts/ynsocial.com/httpdocs/node_modules/@esbuild/linux-loong64'
75 silly reify ]
76 verbose reify failed optional dependency /var/www/vhosts/ynsocial.com/httpdocs/node_modules/@esbuild/linux-ia32
77 silly reify mark deleted [
77 silly reify   '/var/www/vhosts/ynsocial.com/httpdocs/node_modules/@esbuild/linux-ia32'
77 silly reify ]
78 verbose reify failed optional dependency /var/www/vhosts/ynsocial.com/httpdocs/node_modules/@esbuild/linux-arm64
79 silly reify mark deleted [
79 silly reify   '/var/www/vhosts/ynsocial.com/httpdocs/node_modules/@esbuild/linux-arm64'
79 silly reify ]
80 verbose reify failed optional dependency /var/www/vhosts/ynsocial.com/httpdocs/node_modules/@esbuild/linux-arm
81 silly reify mark deleted [
81 silly reify   '/var/www/vhosts/ynsocial.com/httpdocs/node_modules/@esbuild/linux-arm'
81 silly reify ]
82 verbose reify failed optional dependency /var/www/vhosts/ynsocial.com/httpdocs/node_modules/@esbuild/freebsd-x64
83 silly reify mark deleted [
83 silly reify   '/var/www/vhosts/ynsocial.com/httpdocs/node_modules/@esbuild/freebsd-x64'
83 silly reify ]
84 verbose reify failed optional dependency /var/www/vhosts/ynsocial.com/httpdocs/node_modules/@esbuild/freebsd-arm64
85 silly reify mark deleted [
85 silly reify   '/var/www/vhosts/ynsocial.com/httpdocs/node_modules/@esbuild/freebsd-arm64'
85 silly reify ]
86 verbose reify failed optional dependency /var/www/vhosts/ynsocial.com/httpdocs/node_modules/@esbuild/darwin-x64
87 silly reify mark deleted [
87 silly reify   '/var/www/vhosts/ynsocial.com/httpdocs/node_modules/@esbuild/darwin-x64'
87 silly reify ]
88 verbose reify failed optional dependency /var/www/vhosts/ynsocial.com/httpdocs/node_modules/@esbuild/darwin-arm64
89 silly reify mark deleted [
89 silly reify   '/var/www/vhosts/ynsocial.com/httpdocs/node_modules/@esbuild/darwin-arm64'
89 silly reify ]
90 verbose reify failed optional dependency /var/www/vhosts/ynsocial.com/httpdocs/node_modules/@esbuild/android-x64
91 silly reify mark deleted [
91 silly reify   '/var/www/vhosts/ynsocial.com/httpdocs/node_modules/@esbuild/android-x64'
91 silly reify ]
92 verbose reify failed optional dependency /var/www/vhosts/ynsocial.com/httpdocs/node_modules/@esbuild/android-arm64
93 silly reify mark deleted [
93 silly reify   '/var/www/vhosts/ynsocial.com/httpdocs/node_modules/@esbuild/android-arm64'
93 silly reify ]
94 verbose reify failed optional dependency /var/www/vhosts/ynsocial.com/httpdocs/node_modules/@esbuild/android-arm
95 silly reify mark deleted [
95 silly reify   '/var/www/vhosts/ynsocial.com/httpdocs/node_modules/@esbuild/android-arm'
95 silly reify ]
96 timing reifyNode:node_modules/fsevents Completed in 12ms
97 timing reifyNode:node_modules/@esbuild/win32-x64 Completed in 12ms
98 timing reifyNode:node_modules/@esbuild/win32-ia32 Completed in 12ms
99 timing reifyNode:node_modules/@esbuild/win32-arm64 Completed in 13ms
100 timing reifyNode:node_modules/@esbuild/sunos-x64 Completed in 13ms
101 timing reifyNode:node_modules/@esbuild/openbsd-x64 Completed in 12ms
102 timing reifyNode:node_modules/@esbuild/netbsd-x64 Completed in 12ms
103 timing reifyNode:node_modules/@esbuild/linux-s390x Completed in 12ms
104 timing reifyNode:node_modules/@esbuild/linux-riscv64 Completed in 12ms
105 timing reifyNode:node_modules/@esbuild/linux-ppc64 Completed in 13ms
106 timing reifyNode:node_modules/@esbuild/linux-mips64el Completed in 13ms
107 timing reifyNode:node_modules/@esbuild/linux-loong64 Completed in 12ms
108 timing reifyNode:node_modules/@esbuild/linux-ia32 Completed in 12ms
109 timing reifyNode:node_modules/@esbuild/linux-arm64 Completed in 12ms
110 timing reifyNode:node_modules/@esbuild/linux-arm Completed in 12ms
111 timing reifyNode:node_modules/@esbuild/freebsd-x64 Completed in 12ms
112 timing reifyNode:node_modules/@esbuild/freebsd-arm64 Completed in 12ms
113 timing reifyNode:node_modules/@esbuild/darwin-x64 Completed in 12ms
114 timing reifyNode:node_modules/@esbuild/darwin-arm64 Completed in 13ms
115 timing reifyNode:node_modules/@esbuild/android-x64 Completed in 13ms
116 timing reifyNode:node_modules/@esbuild/android-arm64 Completed in 13ms
117 timing reifyNode:node_modules/@esbuild/android-arm Completed in 12ms
118 timing reify:unpack Completed in 16ms
119 timing reify:unretire Completed in 0ms
120 timing build:queue Completed in 4ms
121 timing build:deps Completed in 4ms
122 timing build Completed in 4ms
123 timing reify:build Completed in 4ms
124 timing reify:trash Completed in 2ms
125 timing reify:save Completed in 37ms
126 http fetch POST 200 https://registry.npmjs.org/-/npm/v1/security/advisories/bulk 246ms
127 timing auditReport:getReport Completed in 249ms
128 silly audit report {}
129 timing auditReport:init Completed in 0ms
130 timing reify:audit Completed in 251ms
131 timing reify Completed in 1312ms
132 silly ADD
133 silly ADD
134 silly ADD
135 silly ADD
136 silly ADD
137 silly ADD
138 silly ADD
139 silly ADD
140 silly ADD
141 silly ADD
142 silly ADD
143 silly ADD
144 silly ADD
145 silly ADD
146 silly ADD
147 silly ADD
148 silly ADD
149 silly ADD
150 silly ADD
151 silly ADD
152 silly ADD
153 silly ADD
154 timing command:i Completed in 1323ms
155 verbose exit 0
156 timing npm Completed in 1591ms
157 info ok
