0 verbose cli /opt/plesk/node/21/bin/node /var/www/vhosts/ynsocial.com/.nodenv/versions/21/bin/npm
1 info using npm@10.5.0
2 info using node@v21.7.3
3 timing npm:load:whichnode Completed in 2ms
4 timing config:load:defaults Completed in 3ms
5 timing config:load:file:/opt/plesk/node/21/lib/node_modules/npm/npmrc Completed in 1ms
6 timing config:load:builtin Completed in 1ms
7 timing config:load:cli Completed in 4ms
8 timing config:load:env Completed in 1ms
9 timing config:load:file:/var/www/vhosts/ynsocial.com/httpdocs/.npmrc Completed in 0ms
10 timing config:load:project Completed in 3ms
11 timing config:load:file:/var/www/vhosts/ynsocial.com/.npmrc Completed in 0ms
12 timing config:load:user Completed in 0ms
13 timing config:load:file:/opt/plesk/node/21/etc/npmrc Completed in 0ms
14 timing config:load:global Completed in 0ms
15 timing config:load:setEnvs Completed in 1ms
16 timing config:load Completed in 14ms
17 timing npm:load:configload Completed in 14ms
18 timing config:load:flatten Completed in 3ms
19 timing npm:load:mkdirpcache Completed in 0ms
20 timing npm:load:mkdirplogs Completed in 0ms
21 verbose title npm install vite-plugin-copy
22 verbose argv "install" "vite-plugin-copy" "--save-dev"
23 timing npm:load:setTitle Completed in 1ms
24 timing npm:load:display Completed in 0ms
25 verbose logfile logs-max:10 dir:/var/www/vhosts/ynsocial.com/.npm/_logs/2024-09-03T22_10_16_133Z-
26 verbose logfile /var/www/vhosts/ynsocial.com/.npm/_logs/2024-09-03T22_10_16_133Z-debug-0.log
27 timing npm:load:logFile Completed in 11ms
28 timing npm:load:timers Completed in 0ms
29 timing npm:load:configScope Completed in 0ms
30 timing npm:load Completed in 55ms
31 timing arborist:ctor Completed in 2ms
32 silly logfile done cleaning log files
33 timing idealTree:init Completed in 52ms
34 timing idealTree:userRequests Completed in 1ms
35 silly idealTree buildDeps
36 silly fetch manifest vite-plugin-copy@*
37 timing arborist:ctor Completed in 0ms
38 http fetch GET 200 https://registry.npmjs.org/vite-plugin-copy 969ms (cache miss)
39 silly placeDep ROOT vite-plugin-copy@0.1.6 OK for:  want: *
40 silly fetch manifest fast-glob@^3.2.7
41 http fetch GET 200 https://registry.npmjs.org/fast-glob 146ms (cache miss)
42 timing idealTree:#root Completed in 1133ms
43 silly placeDep ROOT fast-glob@3.3.2 OK for: vite-plugin-copy@0.1.6 want: ^3.2.7
44 silly fetch manifest @nodelib/fs.stat@^2.0.2
45 silly fetch manifest @nodelib/fs.walk@^1.2.3
46 silly fetch manifest glob-parent@^5.1.2
47 http fetch GET 200 https://registry.npmjs.org/@nodelib%2ffs.stat 171ms (cache miss)
48 silly fetch manifest merge2@^1.3.0
49 http fetch GET 200 https://registry.npmjs.org/glob-parent 203ms (cache miss)
50 silly fetch manifest micromatch@^4.0.4
51 http fetch GET 200 https://registry.npmjs.org/merge2 72ms (cache miss)
52 http fetch GET 200 https://registry.npmjs.org/micromatch 78ms (cache miss)
53 http fetch GET 200 https://registry.npmjs.org/@nodelib%2ffs.walk 292ms (cache miss)
54 timing idealTree:node_modules/vite-plugin-copy Completed in 298ms
55 silly placeDep ROOT @nodelib/fs.stat@2.0.5 OK for: fast-glob@3.3.2 want: ^2.0.2
56 silly placeDep ROOT @nodelib/fs.walk@1.2.8 OK for: fast-glob@3.3.2 want: ^1.2.3
57 silly placeDep ROOT glob-parent@5.1.2 OK for: fast-glob@3.3.2 want: ^5.1.2
58 silly placeDep ROOT merge2@1.4.1 OK for: fast-glob@3.3.2 want: ^1.3.0
59 silly placeDep ROOT micromatch@4.0.8 OK for: fast-glob@3.3.2 want: ^4.0.4
60 silly fetch manifest @nodelib/fs.scandir@2.1.5
61 silly fetch manifest fastq@^1.6.0
62 silly fetch manifest is-glob@^4.0.1
63 http fetch GET 200 https://registry.npmjs.org/fastq 73ms (cache miss)
64 silly fetch manifest braces@^3.0.3
65 http fetch GET 200 https://registry.npmjs.org/is-glob 128ms (cache miss)
66 http fetch GET 200 https://registry.npmjs.org/braces 65ms (cache miss)
67 http fetch GET 200 https://registry.npmjs.org/@nodelib%2ffs.scandir 187ms (cache miss)
68 timing idealTree:node_modules/fast-glob Completed in 205ms
69 timing idealTree:node_modules/@nodelib/fs.stat Completed in 0ms
70 silly placeDep ROOT @nodelib/fs.scandir@2.1.5 OK for: @nodelib/fs.walk@1.2.8 want: 2.1.5
71 silly placeDep ROOT fastq@1.17.1 OK for: @nodelib/fs.walk@1.2.8 want: ^1.6.0
72 silly fetch manifest run-parallel@^1.1.9
73 silly fetch manifest reusify@^1.0.4
74 http fetch GET 200 https://registry.npmjs.org/reusify 61ms (cache miss)
75 http fetch GET 200 https://registry.npmjs.org/run-parallel 79ms (cache miss)
76 timing idealTree:node_modules/@nodelib/fs.walk Completed in 87ms
77 silly placeDep ROOT run-parallel@1.2.0 OK for: @nodelib/fs.scandir@2.1.5 want: ^1.1.9
78 silly fetch manifest queue-microtask@^1.2.2
79 http fetch GET 200 https://registry.npmjs.org/queue-microtask 82ms (cache miss)
80 timing idealTree:node_modules/@nodelib/fs.scandir Completed in 86ms
81 silly placeDep ROOT reusify@1.0.4 OK for: fastq@1.17.1 want: ^1.0.4
82 timing idealTree:node_modules/fastq Completed in 2ms
83 silly placeDep ROOT is-glob@4.0.3 OK for: glob-parent@5.1.2 want: ^4.0.1
84 silly fetch manifest is-extglob@^2.1.1
85 http fetch GET 200 https://registry.npmjs.org/is-extglob 61ms (cache miss)
86 timing idealTree:node_modules/glob-parent Completed in 65ms
87 silly placeDep ROOT is-extglob@2.1.1 OK for: is-glob@4.0.3 want: ^2.1.1
88 timing idealTree:node_modules/is-glob Completed in 2ms
89 timing idealTree:node_modules/is-extglob Completed in 0ms
90 timing idealTree:node_modules/merge2 Completed in 0ms
91 silly placeDep ROOT braces@3.0.3 OK for: micromatch@4.0.8 want: ^3.0.3
92 silly fetch manifest fill-range@^7.1.1
93 http fetch GET 200 https://registry.npmjs.org/fill-range 75ms (cache miss)
94 timing idealTree:node_modules/micromatch Completed in 79ms
95 silly placeDep ROOT fill-range@7.1.1 OK for: braces@3.0.3 want: ^7.1.1
96 silly fetch manifest to-regex-range@^5.0.1
97 http fetch GET 200 https://registry.npmjs.org/to-regex-range 697ms (cache miss)
98 timing idealTree:node_modules/braces Completed in 700ms
99 silly placeDep ROOT to-regex-range@5.0.1 OK for: fill-range@7.1.1 want: ^5.0.1
100 silly fetch manifest is-number@^7.0.0
101 http fetch GET 200 https://registry.npmjs.org/is-number 63ms (cache miss)
102 timing idealTree:node_modules/fill-range Completed in 68ms
103 timing idealTree:node_modules/reusify Completed in 0ms
104 silly placeDep ROOT queue-microtask@1.2.3 OK for: run-parallel@1.2.0 want: ^1.2.2
105 timing idealTree:node_modules/run-parallel Completed in 4ms
106 timing idealTree:node_modules/queue-microtask Completed in 0ms
107 silly placeDep ROOT is-number@7.0.0 OK for: to-regex-range@5.0.1 want: ^7.0.0
108 timing idealTree:node_modules/to-regex-range Completed in 2ms
109 timing idealTree:node_modules/is-number Completed in 0ms
110 timing idealTree:buildDeps Completed in 2734ms
111 timing idealTree:fixDepFlags Completed in 2ms
112 timing idealTree Completed in 2794ms
113 timing reify:loadTrees Completed in 2801ms
114 timing reify:diffTrees Completed in 7ms
115 silly reify moves {}
116 timing reify:retireShallow Completed in 3ms
117 timing reify:createSparse Completed in 15ms
118 timing reify:loadBundles Completed in 0ms
119 silly audit bulk request {
119 silly audit   '@esbuild/android-arm': [ '0.18.20' ],
119 silly audit   '@esbuild/android-arm64': [ '0.18.20' ],
119 silly audit   '@esbuild/android-x64': [ '0.18.20' ],
119 silly audit   '@esbuild/darwin-arm64': [ '0.18.20' ],
119 silly audit   '@esbuild/darwin-x64': [ '0.18.20' ],
119 silly audit   '@esbuild/freebsd-arm64': [ '0.18.20' ],
119 silly audit   '@esbuild/freebsd-x64': [ '0.18.20' ],
119 silly audit   '@esbuild/linux-arm': [ '0.18.20' ],
119 silly audit   '@esbuild/linux-arm64': [ '0.18.20' ],
119 silly audit   '@esbuild/linux-ia32': [ '0.18.20' ],
119 silly audit   '@esbuild/linux-loong64': [ '0.18.20' ],
119 silly audit   '@esbuild/linux-mips64el': [ '0.18.20' ],
119 silly audit   '@esbuild/linux-ppc64': [ '0.18.20' ],
119 silly audit   '@esbuild/linux-riscv64': [ '0.18.20' ],
119 silly audit   '@esbuild/linux-s390x': [ '0.18.20' ],
119 silly audit   '@esbuild/linux-x64': [ '0.18.20' ],
119 silly audit   '@esbuild/netbsd-x64': [ '0.18.20' ],
119 silly audit   '@esbuild/openbsd-x64': [ '0.18.20' ],
119 silly audit   '@esbuild/sunos-x64': [ '0.18.20' ],
119 silly audit   '@esbuild/win32-arm64': [ '0.18.20' ],
119 silly audit   '@esbuild/win32-ia32': [ '0.18.20' ],
119 silly audit   '@esbuild/win32-x64': [ '0.18.20' ],
119 silly audit   asynckit: [ '0.4.0' ],
119 silly audit   axios: [ '1.7.7' ],
119 silly audit   'combined-stream': [ '1.0.8' ],
119 silly audit   'delayed-stream': [ '1.0.0' ],
119 silly audit   esbuild: [ '0.18.20' ],
119 silly audit   'follow-redirects': [ '1.15.8' ],
119 silly audit   'form-data': [ '4.0.0' ],
119 silly audit   fsevents: [ '2.3.3' ],
119 silly audit   'laravel-vite-plugin': [ '0.7.8' ],
119 silly audit   lodash: [ '4.17.21' ],
119 silly audit   'mime-db': [ '1.52.0' ],
119 silly audit   'mime-types': [ '2.1.35' ],
119 silly audit   nanoid: [ '3.3.7' ],
119 silly audit   picocolors: [ '1.1.0' ],
119 silly audit   picomatch: [ '2.3.1' ],
119 silly audit   postcss: [ '8.4.44' ],
119 silly audit   'proxy-from-env': [ '1.1.0' ],
119 silly audit   rollup: [ '3.29.4' ],
119 silly audit   'source-map-js': [ '1.2.0' ],
119 silly audit   vite: [ '4.5.3' ],
119 silly audit   'vite-plugin-full-reload': [ '1.2.0' ],
119 silly audit   'vite-plugin-copy': [ '0.1.6' ],
119 silly audit   'fast-glob': [ '3.3.2' ],
119 silly audit   '@nodelib/fs.stat': [ '2.0.5' ],
119 silly audit   '@nodelib/fs.walk': [ '1.2.8' ],
119 silly audit   'glob-parent': [ '5.1.2' ],
119 silly audit   merge2: [ '1.4.1' ],
119 silly audit   micromatch: [ '4.0.8' ],
119 silly audit   '@nodelib/fs.scandir': [ '2.1.5' ],
119 silly audit   fastq: [ '1.17.1' ],
119 silly audit   'run-parallel': [ '1.2.0' ],
119 silly audit   reusify: [ '1.0.4' ],
119 silly audit   'is-glob': [ '4.0.3' ],
119 silly audit   'is-extglob': [ '2.1.1' ],
119 silly audit   braces: [ '3.0.3' ],
119 silly audit   'fill-range': [ '7.1.1' ],
119 silly audit   'to-regex-range': [ '5.0.1' ],
119 silly audit   'queue-microtask': [ '1.2.3' ],
119 silly audit   'is-number': [ '7.0.0' ]
119 silly audit }
120 verbose reify failed optional dependency /var/www/vhosts/ynsocial.com/httpdocs/node_modules/fsevents
121 silly reify mark deleted [ '/var/www/vhosts/ynsocial.com/httpdocs/node_modules/fsevents' ]
122 verbose reify failed optional dependency /var/www/vhosts/ynsocial.com/httpdocs/node_modules/@esbuild/win32-x64
123 silly reify mark deleted [
123 silly reify   '/var/www/vhosts/ynsocial.com/httpdocs/node_modules/@esbuild/win32-x64'
123 silly reify ]
124 verbose reify failed optional dependency /var/www/vhosts/ynsocial.com/httpdocs/node_modules/@esbuild/win32-ia32
125 silly reify mark deleted [
125 silly reify   '/var/www/vhosts/ynsocial.com/httpdocs/node_modules/@esbuild/win32-ia32'
125 silly reify ]
126 verbose reify failed optional dependency /var/www/vhosts/ynsocial.com/httpdocs/node_modules/@esbuild/win32-arm64
127 silly reify mark deleted [
127 silly reify   '/var/www/vhosts/ynsocial.com/httpdocs/node_modules/@esbuild/win32-arm64'
127 silly reify ]
128 verbose reify failed optional dependency /var/www/vhosts/ynsocial.com/httpdocs/node_modules/@esbuild/sunos-x64
129 silly reify mark deleted [
129 silly reify   '/var/www/vhosts/ynsocial.com/httpdocs/node_modules/@esbuild/sunos-x64'
129 silly reify ]
130 verbose reify failed optional dependency /var/www/vhosts/ynsocial.com/httpdocs/node_modules/@esbuild/openbsd-x64
131 silly reify mark deleted [
131 silly reify   '/var/www/vhosts/ynsocial.com/httpdocs/node_modules/@esbuild/openbsd-x64'
131 silly reify ]
132 verbose reify failed optional dependency /var/www/vhosts/ynsocial.com/httpdocs/node_modules/@esbuild/netbsd-x64
133 silly reify mark deleted [
133 silly reify   '/var/www/vhosts/ynsocial.com/httpdocs/node_modules/@esbuild/netbsd-x64'
133 silly reify ]
134 verbose reify failed optional dependency /var/www/vhosts/ynsocial.com/httpdocs/node_modules/@esbuild/linux-s390x
135 silly reify mark deleted [
135 silly reify   '/var/www/vhosts/ynsocial.com/httpdocs/node_modules/@esbuild/linux-s390x'
135 silly reify ]
136 verbose reify failed optional dependency /var/www/vhosts/ynsocial.com/httpdocs/node_modules/@esbuild/linux-riscv64
137 silly reify mark deleted [
137 silly reify   '/var/www/vhosts/ynsocial.com/httpdocs/node_modules/@esbuild/linux-riscv64'
137 silly reify ]
138 verbose reify failed optional dependency /var/www/vhosts/ynsocial.com/httpdocs/node_modules/@esbuild/linux-ppc64
139 silly reify mark deleted [
139 silly reify   '/var/www/vhosts/ynsocial.com/httpdocs/node_modules/@esbuild/linux-ppc64'
139 silly reify ]
140 verbose reify failed optional dependency /var/www/vhosts/ynsocial.com/httpdocs/node_modules/@esbuild/linux-mips64el
141 silly reify mark deleted [
141 silly reify   '/var/www/vhosts/ynsocial.com/httpdocs/node_modules/@esbuild/linux-mips64el'
141 silly reify ]
142 verbose reify failed optional dependency /var/www/vhosts/ynsocial.com/httpdocs/node_modules/@esbuild/linux-loong64
143 silly reify mark deleted [
143 silly reify   '/var/www/vhosts/ynsocial.com/httpdocs/node_modules/@esbuild/linux-loong64'
143 silly reify ]
144 verbose reify failed optional dependency /var/www/vhosts/ynsocial.com/httpdocs/node_modules/@esbuild/linux-ia32
145 silly reify mark deleted [
145 silly reify   '/var/www/vhosts/ynsocial.com/httpdocs/node_modules/@esbuild/linux-ia32'
145 silly reify ]
146 verbose reify failed optional dependency /var/www/vhosts/ynsocial.com/httpdocs/node_modules/@esbuild/linux-arm64
147 silly reify mark deleted [
147 silly reify   '/var/www/vhosts/ynsocial.com/httpdocs/node_modules/@esbuild/linux-arm64'
147 silly reify ]
148 verbose reify failed optional dependency /var/www/vhosts/ynsocial.com/httpdocs/node_modules/@esbuild/linux-arm
149 silly reify mark deleted [
149 silly reify   '/var/www/vhosts/ynsocial.com/httpdocs/node_modules/@esbuild/linux-arm'
149 silly reify ]
150 verbose reify failed optional dependency /var/www/vhosts/ynsocial.com/httpdocs/node_modules/@esbuild/freebsd-x64
151 silly reify mark deleted [
151 silly reify   '/var/www/vhosts/ynsocial.com/httpdocs/node_modules/@esbuild/freebsd-x64'
151 silly reify ]
152 verbose reify failed optional dependency /var/www/vhosts/ynsocial.com/httpdocs/node_modules/@esbuild/freebsd-arm64
153 silly reify mark deleted [
153 silly reify   '/var/www/vhosts/ynsocial.com/httpdocs/node_modules/@esbuild/freebsd-arm64'
153 silly reify ]
154 verbose reify failed optional dependency /var/www/vhosts/ynsocial.com/httpdocs/node_modules/@esbuild/darwin-x64
155 silly reify mark deleted [
155 silly reify   '/var/www/vhosts/ynsocial.com/httpdocs/node_modules/@esbuild/darwin-x64'
155 silly reify ]
156 verbose reify failed optional dependency /var/www/vhosts/ynsocial.com/httpdocs/node_modules/@esbuild/darwin-arm64
157 silly reify mark deleted [
157 silly reify   '/var/www/vhosts/ynsocial.com/httpdocs/node_modules/@esbuild/darwin-arm64'
157 silly reify ]
158 verbose reify failed optional dependency /var/www/vhosts/ynsocial.com/httpdocs/node_modules/@esbuild/android-x64
159 silly reify mark deleted [
159 silly reify   '/var/www/vhosts/ynsocial.com/httpdocs/node_modules/@esbuild/android-x64'
159 silly reify ]
160 verbose reify failed optional dependency /var/www/vhosts/ynsocial.com/httpdocs/node_modules/@esbuild/android-arm64
161 silly reify mark deleted [
161 silly reify   '/var/www/vhosts/ynsocial.com/httpdocs/node_modules/@esbuild/android-arm64'
161 silly reify ]
162 verbose reify failed optional dependency /var/www/vhosts/ynsocial.com/httpdocs/node_modules/@esbuild/android-arm
163 silly reify mark deleted [
163 silly reify   '/var/www/vhosts/ynsocial.com/httpdocs/node_modules/@esbuild/android-arm'
163 silly reify ]
164 timing reifyNode:node_modules/fsevents Completed in 26ms
165 timing reifyNode:node_modules/@esbuild/win32-x64 Completed in 26ms
166 timing reifyNode:node_modules/@esbuild/win32-ia32 Completed in 27ms
167 timing reifyNode:node_modules/@esbuild/win32-arm64 Completed in 27ms
168 timing reifyNode:node_modules/@esbuild/sunos-x64 Completed in 26ms
169 timing reifyNode:node_modules/@esbuild/openbsd-x64 Completed in 26ms
170 timing reifyNode:node_modules/@esbuild/netbsd-x64 Completed in 26ms
171 timing reifyNode:node_modules/@esbuild/linux-s390x Completed in 27ms
172 timing reifyNode:node_modules/@esbuild/linux-riscv64 Completed in 27ms
173 timing reifyNode:node_modules/@esbuild/linux-ppc64 Completed in 26ms
174 timing reifyNode:node_modules/@esbuild/linux-mips64el Completed in 26ms
175 timing reifyNode:node_modules/@esbuild/linux-loong64 Completed in 26ms
176 timing reifyNode:node_modules/@esbuild/linux-ia32 Completed in 26ms
177 timing reifyNode:node_modules/@esbuild/linux-arm64 Completed in 27ms
178 timing reifyNode:node_modules/@esbuild/linux-arm Completed in 27ms
179 timing reifyNode:node_modules/@esbuild/freebsd-x64 Completed in 26ms
180 timing reifyNode:node_modules/@esbuild/freebsd-arm64 Completed in 26ms
181 timing reifyNode:node_modules/@esbuild/darwin-x64 Completed in 26ms
182 timing reifyNode:node_modules/@esbuild/darwin-arm64 Completed in 26ms
183 timing reifyNode:node_modules/@esbuild/android-x64 Completed in 27ms
184 timing reifyNode:node_modules/@esbuild/android-arm64 Completed in 27ms
185 timing reifyNode:node_modules/@esbuild/android-arm Completed in 27ms
186 silly tarball no local data for is-number@https://registry.npmjs.org/is-number/-/is-number-7.0.0.tgz. Extracting by manifest.
187 silly tarball no local data for queue-microtask@https://registry.npmjs.org/queue-microtask/-/queue-microtask-1.2.3.tgz. Extracting by manifest.
188 silly tarball no local data for fill-range@https://registry.npmjs.org/fill-range/-/fill-range-7.1.1.tgz. Extracting by manifest.
189 silly tarball no local data for to-regex-range@https://registry.npmjs.org/to-regex-range/-/to-regex-range-5.0.1.tgz. Extracting by manifest.
190 silly tarball no local data for is-extglob@https://registry.npmjs.org/is-extglob/-/is-extglob-2.1.1.tgz. Extracting by manifest.
191 silly tarball no local data for braces@https://registry.npmjs.org/braces/-/braces-3.0.3.tgz. Extracting by manifest.
192 silly tarball no local data for is-glob@https://registry.npmjs.org/is-glob/-/is-glob-4.0.3.tgz. Extracting by manifest.
193 silly tarball no local data for run-parallel@https://registry.npmjs.org/run-parallel/-/run-parallel-1.2.0.tgz. Extracting by manifest.
194 silly tarball no local data for fastq@https://registry.npmjs.org/fastq/-/fastq-1.17.1.tgz. Extracting by manifest.
195 silly tarball no local data for @nodelib/fs.scandir@https://registry.npmjs.org/@nodelib/fs.scandir/-/fs.scandir-2.1.5.tgz. Extracting by manifest.
196 silly tarball no local data for reusify@https://registry.npmjs.org/reusify/-/reusify-1.0.4.tgz. Extracting by manifest.
197 silly tarball no local data for micromatch@https://registry.npmjs.org/micromatch/-/micromatch-4.0.8.tgz. Extracting by manifest.
198 silly tarball no local data for glob-parent@https://registry.npmjs.org/glob-parent/-/glob-parent-5.1.2.tgz. Extracting by manifest.
199 silly tarball no local data for merge2@https://registry.npmjs.org/merge2/-/merge2-1.4.1.tgz. Extracting by manifest.
200 silly tarball no local data for @nodelib/fs.walk@https://registry.npmjs.org/@nodelib/fs.walk/-/fs.walk-1.2.8.tgz. Extracting by manifest.
201 silly tarball no local data for fast-glob@https://registry.npmjs.org/fast-glob/-/fast-glob-3.3.2.tgz. Extracting by manifest.
202 silly tarball no local data for @nodelib/fs.stat@https://registry.npmjs.org/@nodelib/fs.stat/-/fs.stat-2.0.5.tgz. Extracting by manifest.
203 silly tarball no local data for vite-plugin-copy@https://registry.npmjs.org/vite-plugin-copy/-/vite-plugin-copy-0.1.6.tgz. Extracting by manifest.
204 http fetch POST 200 https://registry.npmjs.org/-/npm/v1/security/advisories/bulk 288ms
205 timing auditReport:getReport Completed in 294ms
206 silly audit report {}
207 timing auditReport:init Completed in 0ms
208 timing reify:audit Completed in 295ms
209 http fetch GET 200 https://registry.npmjs.org/queue-microtask/-/queue-microtask-1.2.3.tgz 242ms (cache miss)
210 timing reifyNode:node_modules/queue-microtask Completed in 293ms
211 http fetch GET 200 https://registry.npmjs.org/is-number/-/is-number-7.0.0.tgz 250ms (cache miss)
212 timing reifyNode:node_modules/is-number Completed in 301ms
213 http fetch GET 200 https://registry.npmjs.org/glob-parent/-/glob-parent-5.1.2.tgz 245ms (cache miss)
214 timing reifyNode:node_modules/glob-parent Completed in 303ms
215 http fetch GET 200 https://registry.npmjs.org/run-parallel/-/run-parallel-1.2.0.tgz 290ms (cache miss)
216 timing reifyNode:node_modules/run-parallel Completed in 345ms
217 http fetch GET 200 https://registry.npmjs.org/fill-range/-/fill-range-7.1.1.tgz 336ms (cache miss)
218 timing reifyNode:node_modules/fill-range Completed in 388ms
219 http fetch GET 200 https://registry.npmjs.org/is-glob/-/is-glob-4.0.3.tgz 346ms (cache miss)
220 timing reifyNode:node_modules/is-glob Completed in 400ms
221 http fetch GET 200 https://registry.npmjs.org/is-extglob/-/is-extglob-2.1.1.tgz 348ms (cache miss)
222 timing reifyNode:node_modules/is-extglob Completed in 400ms
223 http fetch GET 200 https://registry.npmjs.org/to-regex-range/-/to-regex-range-5.0.1.tgz 350ms (cache miss)
224 timing reifyNode:node_modules/to-regex-range Completed in 404ms
225 http fetch GET 200 https://registry.npmjs.org/fastq/-/fastq-1.17.1.tgz 351ms (cache miss)
226 http fetch GET 200 https://registry.npmjs.org/vite-plugin-copy/-/vite-plugin-copy-0.1.6.tgz 347ms (cache miss)
227 timing reifyNode:node_modules/vite-plugin-copy Completed in 406ms
228 timing reifyNode:node_modules/fastq Completed in 412ms
229 http fetch GET 200 https://registry.npmjs.org/reusify/-/reusify-1.0.4.tgz 357ms (cache miss)
230 timing reifyNode:node_modules/reusify Completed in 415ms
231 http fetch GET 200 https://registry.npmjs.org/merge2/-/merge2-1.4.1.tgz 358ms (cache miss)
232 timing reifyNode:node_modules/merge2 Completed in 417ms
233 http fetch GET 200 https://registry.npmjs.org/micromatch/-/micromatch-4.0.8.tgz 377ms (cache miss)
234 timing reifyNode:node_modules/micromatch Completed in 434ms
235 http fetch GET 200 https://registry.npmjs.org/@nodelib/fs.stat/-/fs.stat-2.0.5.tgz 383ms (cache miss)
236 http fetch GET 200 https://registry.npmjs.org/braces/-/braces-3.0.3.tgz 392ms (cache miss)
237 timing reifyNode:node_modules/braces Completed in 446ms
238 timing reifyNode:node_modules/@nodelib/fs.stat Completed in 447ms
239 http fetch GET 200 https://registry.npmjs.org/@nodelib/fs.scandir/-/fs.scandir-2.1.5.tgz 393ms (cache miss)
240 timing reifyNode:node_modules/@nodelib/fs.scandir Completed in 449ms
241 http fetch GET 200 https://registry.npmjs.org/@nodelib/fs.walk/-/fs.walk-1.2.8.tgz 405ms (cache miss)
242 timing reifyNode:node_modules/@nodelib/fs.walk Completed in 465ms
243 http fetch GET 200 https://registry.npmjs.org/fast-glob/-/fast-glob-3.3.2.tgz 430ms (cache miss)
244 timing reifyNode:node_modules/fast-glob Completed in 488ms
245 timing reify:unpack Completed in 492ms
246 timing reify:unretire Completed in 0ms
247 timing build:queue Completed in 4ms
248 timing build:deps Completed in 4ms
249 timing build Completed in 5ms
250 timing reify:build Completed in 6ms
251 timing reify:trash Completed in 3ms
252 timing reify:save Completed in 51ms
253 timing reify Completed in 3407ms
254 silly ADD node_modules/is-number
255 silly ADD node_modules/queue-microtask
256 silly ADD node_modules/to-regex-range
257 silly ADD node_modules/fill-range
258 silly ADD node_modules/braces
259 silly ADD node_modules/is-extglob
260 silly ADD node_modules/is-glob
261 silly ADD node_modules/reusify
262 silly ADD node_modules/run-parallel
263 silly ADD node_modules/fastq
264 silly ADD node_modules/@nodelib/fs.scandir
265 silly ADD node_modules/micromatch
266 silly ADD node_modules/merge2
267 silly ADD node_modules/glob-parent
268 silly ADD node_modules/@nodelib/fs.walk
269 silly ADD node_modules/@nodelib/fs.stat
270 silly ADD node_modules/fast-glob
271 silly ADD node_modules/vite-plugin-copy
272 silly ADD
273 silly ADD
274 silly ADD
275 silly ADD
276 silly ADD
277 silly ADD
278 silly ADD
279 silly ADD
280 silly ADD
281 silly ADD
282 silly ADD
283 silly ADD
284 silly ADD
285 silly ADD
286 silly ADD
287 silly ADD
288 silly ADD
289 silly ADD
290 silly ADD
291 silly ADD
292 silly ADD
293 silly ADD
294 timing command:install Completed in 3419ms
295 verbose exit 0
296 timing npm Completed in 3821ms
297 info ok
